<?xml version="1.0" encoding="UTF-8"?>
<!-- Generated by org.testng.reporters.JUnitXMLReporter -->
<testsuite ignored="0" hostname="SRIDHAR-PC" failures="0" tests="4" name="Test" time="0.095" errors="0" timestamp="25 Sep 2021 10:44:10 GMT">
  <testcase classname="java2Pro.FirstTest" name="funA" time="0.032"/>
  <testcase classname="java2Pro.FirstTest" name="funb" time="0.001"/>
  <testcase classname="java2Pro.SecondTest" name="funAA" time="0.0"/>
  <testcase classname="java2Pro.SecondTest" name="funbB" time="0.001"/>
</testsuite> <!-- Test -->
