<?xml version="1.0" encoding="UTF-8"?>
<testng-results ignored="0" total="4" passed="4" failed="0" skipped="0">
  <reporter-output>
  </reporter-output>
  <suite started-at="2021-09-25T10:44:09Z" name="Suite" finished-at="2021-09-25T10:44:10Z" duration-ms="95">
    <groups>
    </groups>
    <test started-at="2021-09-25T10:44:09Z" name="Test" finished-at="2021-09-25T10:44:10Z" duration-ms="95">
      <class name="java2Pro.SecondTest">
        <test-method signature="funAA()[pri:0, instance:java2Pro.SecondTest@41a2befb]" started-at="2021-09-25T10:44:10Z" name="funAA" finished-at="2021-09-25T10:44:10Z" duration-ms="0" status="PASS">
          <reporter-output>
          </reporter-output>
        </test-method> <!-- funAA -->
        <test-method signature="funbB()[pri:0, instance:java2Pro.SecondTest@41a2befb]" started-at="2021-09-25T10:44:10Z" name="funbB" finished-at="2021-09-25T10:44:10Z" duration-ms="1" status="PASS">
          <reporter-output>
          </reporter-output>
        </test-method> <!-- funbB -->
      </class> <!-- java2Pro.SecondTest -->
      <class name="java2Pro.FirstTest">
        <test-method signature="funA()[pri:0, instance:java2Pro.FirstTest@77f1baf5]" started-at="2021-09-25T10:44:09Z" name="funA" finished-at="2021-09-25T10:44:10Z" duration-ms="32" status="PASS">
          <reporter-output>
          </reporter-output>
        </test-method> <!-- funA -->
        <test-method signature="funb()[pri:0, instance:java2Pro.FirstTest@77f1baf5]" started-at="2021-09-25T10:44:10Z" name="funb" finished-at="2021-09-25T10:44:10Z" duration-ms="1" status="PASS">
          <reporter-output>
          </reporter-output>
        </test-method> <!-- funb -->
      </class> <!-- java2Pro.FirstTest -->
    </test> <!-- Test -->
  </suite> <!-- Suite -->
</testng-results>
